<?xml version="1.0" encoding="UTF-8"?>
<!-- Generated by org.testng.reporters.JUnitReportReporter -->
<testsuite hostname="Juanfer-Oslez" failures="0" tests="4" name="tests.TestGeneral" time="0.647" errors="0" timestamp="2021-10-03T00:29:26 COT" skipped="0">
  <testcase classname="tests.TestGeneral" name="verificarConexion" time="0.029"/>
  <system-out/>
  <testcase classname="tests.TestGeneral" name="verificarInsercionEstudiante" time="0.101"/>
  <system-out/>
  <testcase classname="tests.TestGeneral" name="verificarCargaCursosEstudiantes" time="0.483"/>
  <system-out/>
  <testcase classname="tests.TestGeneral" name="verificarCargaEstudiantes" time="0.034"/>
  <system-out/>
</testsuite> <!-- tests.TestGeneral -->
