<?xml version="1.0" encoding="UTF-8"?>
<!-- Generated by org.testng.reporters.JUnitReportReporter -->
<testsuite hostname="Juanfer-Oslez" failures="0" tests="4" name="tests.TestGeneral" time="0.629" errors="0" timestamp="2021-10-07T00:21:51 COT" skipped="0">
  <testcase classname="tests.TestGeneral" name="verificarConexion" time="0.036"/>
  <system-out/>
  <testcase classname="tests.TestGeneral" name="verificarInsercionEstudiante" time="0.080"/>
  <system-out/>
  <testcase classname="tests.TestGeneral" name="verificarCargaCursosEstudiantes" time="0.469"/>
  <system-out/>
  <testcase classname="tests.TestGeneral" name="verificarCargaEstudiantes" time="0.044"/>
  <system-out/>
</testsuite> <!-- tests.TestGeneral -->
