<?xml version="1.0" encoding="UTF-8"?>
<!-- Generated by org.testng.reporters.JUnitReportReporter -->
<testsuite hostname="Juanfer-Oslez" failures="0" tests="4" name="tests.TestGeneral" time="0.834" errors="0" timestamp="2021-10-05T07:11:42 COT" skipped="0">
  <testcase classname="tests.TestGeneral" name="verificarConexion" time="0.043"/>
  <system-out/>
  <testcase classname="tests.TestGeneral" name="verificarInsercionEstudiante" time="0.107"/>
  <system-out/>
  <testcase classname="tests.TestGeneral" name="verificarCargaCursosEstudiantes" time="0.628"/>
  <system-out/>
  <testcase classname="tests.TestGeneral" name="verificarCargaEstudiantes" time="0.056"/>
  <system-out/>
</testsuite> <!-- tests.TestGeneral -->
