<?xml version="1.0" encoding="UTF-8"?>
<!-- Generated by org.testng.reporters.JUnitReportReporter -->
<testsuite hostname="Juanfer-Oslez" failures="0" tests="4" name="tests.TestGeneral" time="0.726" errors="0" timestamp="2021-10-02T22:37:07 COT" skipped="0">
  <testcase classname="tests.TestGeneral" name="verificarCargaEstudiantes" time="0.045"/>
  <system-out/>
  <testcase classname="tests.TestGeneral" name="verificarCargaCursosEstudiantes" time="0.568"/>
  <system-out/>
  <testcase classname="tests.TestGeneral" name="verificarInsercionEstudiante" time="0.080"/>
  <system-out/>
  <testcase classname="tests.TestGeneral" name="verificarConexion" time="0.033"/>
  <system-out/>
</testsuite> <!-- tests.TestGeneral -->
